[PSANA-DEBUG RANK:0 1768849889.273873920] MPIDataSource RUN W/O PROMETHEUS CLIENT
[PSANA-DEBUG RANK:0 1768849889.322512896] MPIDataSource smd_files:
  /sdf/data/lcls/ds/mfx/mfx101344525/xtc/smalldata/
    mfx101344525-r0125-s000-c000.smd.xtc2
    mfx101344525-r0125-s001-c000.smd.xtc2
    mfx101344525-r0125-s002-c000.smd.xtc2
    mfx101344525-r0125-s003-c000.smd.xtc2
    mfx101344525-r0125-s004-c000.smd.xtc2
    mfx101344525-r0125-s005-c000.smd.xtc2
    mfx101344525-r0125-s006-c000.smd.xtc2
    mfx101344525-r0125-s007-c000.smd.xtc2
    mfx101344525-r0125-s008-c000.smd.xtc2
    mfx101344525-r0125-s009-c000.smd.xtc2
    mfx101344525-r0125-s010-c000.smd.xtc2
    mfx101344525-r0125-s011-c000.smd.xtc2
[PSANA-DEBUG RANK:0 1768849889.322679808] MPIDataSource xtc_files:
  /sdf/data/lcls/ds/mfx/mfx101344525/xtc/
    mfx101344525-r0125-s000-c000.xtc2
    mfx101344525-r0125-s001-c000.xtc2
    mfx101344525-r0125-s002-c000.xtc2
    mfx101344525-r0125-s003-c000.xtc2
    mfx101344525-r0125-s004-c000.xtc2
    mfx101344525-r0125-s005-c000.xtc2
    mfx101344525-r0125-s006-c000.xtc2
    mfx101344525-r0125-s007-c000.xtc2
    mfx101344525-r0125-s008-c000.xtc2
    mfx101344525-r0125-s009-c000.xtc2
    mfx101344525-r0125-s010-c000.xtc2
    mfx101344525-r0125-s011-c000.xtc2
[PSANA-DEBUG RANK:0 1768849889.325851904] MPIDataSource smd0 opened smd_fds: [16 17 18 19 22 23 24 25 26 27 28 29]
[PSANA-DEBUG RANK:0 1768849889.418446336] RunParallel _setup_run_calibconst called expt='mfx101344525' runnum=125
[PSANA-DEBUG RANK:0 1768849903.319436800] RunParallel received calibconst for 22 detectors total=13.9008s max=jungfrau(12.9723s)
[PSANA-DEBUG RANK:0 1768849904.162532096] RunParallel Built calibration xtc buffer from pickle size=1.331 GiB time=0.837s
[PSANA-DEBUG RANK:0 1768849904.798225152] RunParallel node leader rank 0 shared calib size=1.331 GiB recv=0.000s populate=0.635s total=0.635s
[PSANA-DEBUG RANK:0 1768849905.841240064] RunParallel Jungfrau shared calib ready det=jungfrau total=1.018s
[PSANA-DEBUG RANK:0 1768849941.889236480] SmdReaderManager Exit - max_events=100 reached
[PSANA-DEBUG RANK:0 1768849946.061414400] Smd0 SMD0 chunk stats chunk=1
  eb_wait_s avg=4.16697 min=4.16697 max=4.16697 count=1
  smd_read_mb avg=92.98 min=92.98 max=92.98 total=92.98
  smd_read_rate_mb_s avg=2478.99 min=2478.99 max=2478.99 total=2478.99
  smd0_rate_khz=0.02472
[PSANA-DEBUG RANK:0 1768850086.759192576] MPIDataSource RUN W/O PROMETHEUS CLIENT
[PSANA-DEBUG RANK:0 1768850086.854952960] MPIDataSource smd_files:
  /sdf/data/lcls/ds/mfx/mfx101344525/xtc/smalldata/
    mfx101344525-r0125-s000-c000.smd.xtc2
    mfx101344525-r0125-s001-c000.smd.xtc2
    mfx101344525-r0125-s002-c000.smd.xtc2
    mfx101344525-r0125-s003-c000.smd.xtc2
    mfx101344525-r0125-s004-c000.smd.xtc2
    mfx101344525-r0125-s005-c000.smd.xtc2
    mfx101344525-r0125-s006-c000.smd.xtc2
    mfx101344525-r0125-s007-c000.smd.xtc2
    mfx101344525-r0125-s008-c000.smd.xtc2
    mfx101344525-r0125-s009-c000.smd.xtc2
    mfx101344525-r0125-s010-c000.smd.xtc2
    mfx101344525-r0125-s011-c000.smd.xtc2
[PSANA-DEBUG RANK:0 1768850086.855694336] MPIDataSource xtc_files:
  /sdf/data/lcls/ds/mfx/mfx101344525/xtc/
    mfx101344525-r0125-s000-c000.xtc2
    mfx101344525-r0125-s001-c000.xtc2
    mfx101344525-r0125-s002-c000.xtc2
    mfx101344525-r0125-s003-c000.xtc2
    mfx101344525-r0125-s004-c000.xtc2
    mfx101344525-r0125-s005-c000.xtc2
    mfx101344525-r0125-s006-c000.xtc2
    mfx101344525-r0125-s007-c000.xtc2
    mfx101344525-r0125-s008-c000.xtc2
    mfx101344525-r0125-s009-c000.xtc2
    mfx101344525-r0125-s010-c000.xtc2
    mfx101344525-r0125-s011-c000.xtc2
[PSANA-DEBUG RANK:0 1768850086.859206912] MPIDataSource smd0 opened smd_fds: [16 17 18 19 22 23 24 25 26 27 28 29]
[PSANA-DEBUG RANK:0 1768850086.962243840] RunParallel _setup_run_calibconst called expt='mfx101344525' runnum=125
[PSANA-DEBUG RANK:0 1768850100.651943168] RunParallel received calibconst for 22 detectors total=13.6892s max=jungfrau(12.8411s)
[PSANA-DEBUG RANK:0 1768850101.446263808] RunParallel Built calibration xtc buffer from pickle size=1.331 GiB time=0.792s
[PSANA-DEBUG RANK:0 1768850102.079606016] RunParallel node leader rank 0 shared calib size=1.331 GiB recv=0.000s populate=0.629s total=0.630s
[PSANA-DEBUG RANK:0 1768850103.105355264] RunParallel Jungfrau shared calib ready det=jungfrau total=1.012s
[PSANA-DEBUG RANK:0 1768850138.394507776] SmdReaderManager Exit - max_events=100 reached
[PSANA-DEBUG RANK:0 1768850142.555341824] Smd0 SMD0 chunk stats chunk=1
  eb_wait_s avg=4.15737 min=4.15737 max=4.15737 count=1
  smd_read_mb avg=92.98 min=92.98 max=92.98 total=92.98
  smd_read_rate_mb_s avg=2471.11 min=2471.11 max=2471.11 total=2471.11
  smd0_rate_khz=0.02477
[PSANA-DEBUG RANK:0 1768850260.781744128] MPIDataSource RUN W/O PROMETHEUS CLIENT
[PSANA-DEBUG RANK:0 1768850260.813414144] MPIDataSource smd_files:
  /sdf/data/lcls/ds/mfx/mfx101344525/xtc/smalldata/
    mfx101344525-r0125-s000-c000.smd.xtc2
    mfx101344525-r0125-s001-c000.smd.xtc2
    mfx101344525-r0125-s002-c000.smd.xtc2
    mfx101344525-r0125-s003-c000.smd.xtc2
    mfx101344525-r0125-s004-c000.smd.xtc2
    mfx101344525-r0125-s005-c000.smd.xtc2
    mfx101344525-r0125-s006-c000.smd.xtc2
    mfx101344525-r0125-s007-c000.smd.xtc2
    mfx101344525-r0125-s008-c000.smd.xtc2
    mfx101344525-r0125-s009-c000.smd.xtc2
    mfx101344525-r0125-s010-c000.smd.xtc2
    mfx101344525-r0125-s011-c000.smd.xtc2
[PSANA-DEBUG RANK:0 1768850260.813646336] MPIDataSource xtc_files:
  /sdf/data/lcls/ds/mfx/mfx101344525/xtc/
    mfx101344525-r0125-s000-c000.xtc2
    mfx101344525-r0125-s001-c000.xtc2
    mfx101344525-r0125-s002-c000.xtc2
    mfx101344525-r0125-s003-c000.xtc2
    mfx101344525-r0125-s004-c000.xtc2
    mfx101344525-r0125-s005-c000.xtc2
    mfx101344525-r0125-s006-c000.xtc2
    mfx101344525-r0125-s007-c000.xtc2
    mfx101344525-r0125-s008-c000.xtc2
    mfx101344525-r0125-s009-c000.xtc2
    mfx101344525-r0125-s010-c000.xtc2
    mfx101344525-r0125-s011-c000.xtc2
[PSANA-DEBUG RANK:0 1768850260.817188352] MPIDataSource smd0 opened smd_fds: [16 17 18 19 22 23 24 25 26 27 28 29]
[PSANA-DEBUG RANK:0 1768850260.938442496] RunParallel _setup_run_calibconst called expt='mfx101344525' runnum=125
[PSANA-DEBUG RANK:0 1768850274.207334656] RunParallel received calibconst for 22 detectors total=13.2686s max=jungfrau(12.3904s)
[PSANA-DEBUG RANK:0 1768850275.008020992] RunParallel Built calibration xtc buffer from pickle size=1.331 GiB time=0.792s
[PSANA-DEBUG RANK:0 1768850275.631052544] RunParallel node leader rank 0 shared calib size=1.331 GiB recv=0.000s populate=0.622s total=0.623s
[PSANA-DEBUG RANK:0 1768850276.683186944] RunParallel Jungfrau shared calib ready det=jungfrau total=1.038s
[PSANA-DEBUG RANK:0 1768850312.233131264] SmdReaderManager Exit - max_events=100 reached
[PSANA-DEBUG RANK:0 1768850316.435420672] Smd0 SMD0 chunk stats chunk=1
  eb_wait_s avg=4.18988 min=4.18988 max=4.18988 count=1
  smd_read_mb avg=92.98 min=92.98 max=92.98 total=92.98
  smd_read_rate_mb_s avg=2443.36 min=2443.36 max=2443.36 total=2443.36
  smd0_rate_khz=0.02458
[PSANA-DEBUG RANK:0 1768850482.416508160] MPIDataSource RUN W/O PROMETHEUS CLIENT
[PSANA-DEBUG RANK:0 1768850482.450612736] MPIDataSource smd_files:
  /sdf/data/lcls/ds/mfx/mfx101344525/xtc/smalldata/
    mfx101344525-r0125-s000-c000.smd.xtc2
    mfx101344525-r0125-s001-c000.smd.xtc2
    mfx101344525-r0125-s002-c000.smd.xtc2
    mfx101344525-r0125-s003-c000.smd.xtc2
    mfx101344525-r0125-s004-c000.smd.xtc2
    mfx101344525-r0125-s005-c000.smd.xtc2
    mfx101344525-r0125-s006-c000.smd.xtc2
    mfx101344525-r0125-s007-c000.smd.xtc2
    mfx101344525-r0125-s008-c000.smd.xtc2
    mfx101344525-r0125-s009-c000.smd.xtc2
    mfx101344525-r0125-s010-c000.smd.xtc2
    mfx101344525-r0125-s011-c000.smd.xtc2
[PSANA-DEBUG RANK:0 1768850482.450840064] MPIDataSource xtc_files:
  /sdf/data/lcls/ds/mfx/mfx101344525/xtc/
    mfx101344525-r0125-s000-c000.xtc2
    mfx101344525-r0125-s001-c000.xtc2
    mfx101344525-r0125-s002-c000.xtc2
    mfx101344525-r0125-s003-c000.xtc2
    mfx101344525-r0125-s004-c000.xtc2
    mfx101344525-r0125-s005-c000.xtc2
    mfx101344525-r0125-s006-c000.xtc2
    mfx101344525-r0125-s007-c000.xtc2
    mfx101344525-r0125-s008-c000.xtc2
    mfx101344525-r0125-s009-c000.xtc2
    mfx101344525-r0125-s010-c000.xtc2
    mfx101344525-r0125-s011-c000.xtc2
[PSANA-DEBUG RANK:0 1768850482.454176768] MPIDataSource smd0 opened smd_fds: [16 17 18 19 22 23 24 25 26 27 28 29]
[PSANA-DEBUG RANK:0 1768850482.589632768] RunParallel _setup_run_calibconst called expt='mfx101344525' runnum=125
[PSANA-DEBUG RANK:0 1768850496.081145600] RunParallel received calibconst for 22 detectors total=13.4912s max=jungfrau(12.6586s)
[PSANA-DEBUG RANK:0 1768850496.888996608] RunParallel Built calibration xtc buffer from pickle size=1.331 GiB time=0.806s
[PSANA-DEBUG RANK:0 1768850497.525816832] RunParallel node leader rank 0 shared calib size=1.331 GiB recv=0.000s populate=0.636s total=0.636s
[PSANA-DEBUG RANK:0 1768850498.542911232] RunParallel Jungfrau shared calib ready det=jungfrau total=1.004s
[PSANA-DEBUG RANK:0 1768850533.619219968] SmdReaderManager Exit - max_events=100 reached
[PSANA-DEBUG RANK:0 1768850537.807229952] Smd0 SMD0 chunk stats chunk=1
  eb_wait_s avg=4.18094 min=4.18094 max=4.18094 count=1
  smd_read_mb avg=92.98 min=92.98 max=92.98 total=92.98
  smd_read_rate_mb_s avg=2470.56 min=2470.56 max=2470.56 total=2470.56
  smd0_rate_khz=0.02463
[PSANA-DEBUG RANK:0 1768851090.377720064] MPIDataSource RUN W/O PROMETHEUS CLIENT
[PSANA-DEBUG RANK:0 1768851090.428020224] MPIDataSource smd_files:
  /sdf/data/lcls/ds/mfx/mfx101344525/xtc/smalldata/
    mfx101344525-r0125-s000-c000.smd.xtc2
    mfx101344525-r0125-s001-c000.smd.xtc2
    mfx101344525-r0125-s002-c000.smd.xtc2
    mfx101344525-r0125-s003-c000.smd.xtc2
    mfx101344525-r0125-s004-c000.smd.xtc2
    mfx101344525-r0125-s005-c000.smd.xtc2
    mfx101344525-r0125-s006-c000.smd.xtc2
    mfx101344525-r0125-s007-c000.smd.xtc2
    mfx101344525-r0125-s008-c000.smd.xtc2
    mfx101344525-r0125-s009-c000.smd.xtc2
    mfx101344525-r0125-s010-c000.smd.xtc2
    mfx101344525-r0125-s011-c000.smd.xtc2
[PSANA-DEBUG RANK:0 1768851090.428222464] MPIDataSource xtc_files:
  /sdf/data/lcls/ds/mfx/mfx101344525/xtc/
    mfx101344525-r0125-s000-c000.xtc2
    mfx101344525-r0125-s001-c000.xtc2
    mfx101344525-r0125-s002-c000.xtc2
    mfx101344525-r0125-s003-c000.xtc2
    mfx101344525-r0125-s004-c000.xtc2
    mfx101344525-r0125-s005-c000.xtc2
    mfx101344525-r0125-s006-c000.xtc2
    mfx101344525-r0125-s007-c000.xtc2
    mfx101344525-r0125-s008-c000.xtc2
    mfx101344525-r0125-s009-c000.xtc2
    mfx101344525-r0125-s010-c000.xtc2
    mfx101344525-r0125-s011-c000.xtc2
[PSANA-DEBUG RANK:0 1768851090.431375104] MPIDataSource smd0 opened smd_fds: [16 17 18 19 22 23 24 25 26 27 28 29]
[PSANA-DEBUG RANK:0 1768851090.530237952] RunParallel _setup_run_calibconst called expt='mfx101344525' runnum=125
[PSANA-DEBUG RANK:0 1768851103.865697536] RunParallel received calibconst for 22 detectors total=13.3352s max=jungfrau(12.4730s)
[PSANA-DEBUG RANK:0 1768851104.682125312] RunParallel Built calibration xtc buffer from pickle size=1.331 GiB time=0.811s
[PSANA-DEBUG RANK:0 1768851105.312645376] RunParallel node leader rank 0 shared calib size=1.331 GiB recv=0.000s populate=0.630s total=0.630s
[PSANA-DEBUG RANK:0 1768851106.365858304] RunParallel Jungfrau shared calib ready det=jungfrau total=1.041s
[PSANA-DEBUG RANK:0 1768851141.630724864] SmdReaderManager Exit - max_events=100 reached
[PSANA-DEBUG RANK:0 1768851145.776066048] Smd0 SMD0 chunk stats chunk=1
  eb_wait_s avg=4.14284 min=4.14284 max=4.14284 count=1
  smd_read_mb avg=92.98 min=92.98 max=92.98 total=92.98
  smd_read_rate_mb_s avg=2509.69 min=2509.69 max=2509.69 total=2509.69
  smd0_rate_khz=0.02486
