[PSANA-DEBUG RANK:1 1768849946.093978368] EventBuilderNode EB bd read stats chunk(prev)=1 bds=1 zero_chunks=0
  bytes_per_pread_mb avg=34.64 min=34.64 max=34.64
  wait_s    avg=0.000 min=0.000 max=0.000
  proc_rate_hz avg=30.60 min=30.60 max=30.60 total=30.60
  rate_mb_s avg=5853.44 min=5853.44 max=5853.44
  total_rate=5853.44 MB/s
[PSANA-DEBUG RANK:1 1768850142.587388672] EventBuilderNode EB bd read stats chunk(prev)=1 bds=1 zero_chunks=0
  bytes_per_pread_mb avg=34.64 min=34.64 max=34.64
  wait_s    avg=0.000 min=0.000 max=0.000
  proc_rate_hz avg=31.31 min=31.31 max=31.31 total=31.31
  rate_mb_s avg=6055.12 min=6055.12 max=6055.12
  total_rate=6055.12 MB/s
[PSANA-DEBUG RANK:1 1768850316.468482304] EventBuilderNode EB bd read stats chunk(prev)=1 bds=1 zero_chunks=0
  bytes_per_pread_mb avg=34.64 min=34.64 max=34.64
  wait_s    avg=0.000 min=0.000 max=0.000
  proc_rate_hz avg=30.40 min=30.40 max=30.40 total=30.40
  rate_mb_s avg=5921.51 min=5921.51 max=5921.51
  total_rate=5921.51 MB/s
[PSANA-DEBUG RANK:1 1768850537.840827392] EventBuilderNode EB bd read stats chunk(prev)=1 bds=1 zero_chunks=0
  bytes_per_pread_mb avg=34.64 min=34.64 max=34.64
  wait_s    avg=0.000 min=0.000 max=0.000
  proc_rate_hz avg=29.72 min=29.72 max=29.72 total=29.72
  rate_mb_s avg=5270.28 min=5270.28 max=5270.28
  total_rate=5270.28 MB/s
[PSANA-DEBUG RANK:1 1768851145.808803328] EventBuilderNode EB bd read stats chunk(prev)=1 bds=1 zero_chunks=0
  bytes_per_pread_mb avg=34.64 min=34.64 max=34.64
  wait_s    avg=0.000 min=0.000 max=0.000
  proc_rate_hz avg=30.49 min=30.49 max=30.49 total=30.49
  rate_mb_s avg=6132.57 min=6132.57 max=6132.57
  total_rate=6132.57 MB/s
